/COM,ANSYS RELEASE 2025 R1           BUILD 25.1      UP20241202       00:01:44

 *** WARNING ***                         CP =       9.500   TIME= 00:01:47
 Element shape checking is currently inactive.  Issue SHPP,ON or         
 SHPP,WARN to reactivate, if desired.                                    

 *** WARNING ***                         CP =      10.922   TIME= 00:01:48
 MPC184 elements are being used in the current analysis and the          
 NLGEOM,ON command has not been used.  Thus, only linearized behavior    
 will be considered.  If finite rotation and large deflection effects    
 are to be considered, please use the NLGEOM,ON command.                 

 *** WARNING ***                         CP =      13.672   TIME= 00:01:48
 Material number 17 (used by element 177200) should normally have at     
 least one MP or one TB type command associated with it.  Output of      
 energy by material may not be available.                                

 *** WARNING ***                         CP =      52.938   TIME= 00:01:56
 Too many nodes 13981 are included in the force-distributed-surface      
 constraint identified by real constant set 15.  This may greatly        
 affect solver performance due to large wave fronts and memory           
 consumption.  Also check results carefully and consider solving with a  
 different unit system.                                                  

 *** WARNING ***                         CP =      53.047   TIME= 00:01:56
 This model has one or more constraint equations that has 39911 terms.   
 This will lead to significantly higher memory requirements and          
 solution times.  At this point the solution will be terminated.  If     
 you wish to bypass this message to allow the solution to continue with  
 increased solution time and memory requirements, use the CEFILTER,OFF   
 command.                                                                

 *** WARNING ***                         CP =      70.219   TIME= 00:02:14
 Pivoting has been activated for the Distributed Sparse Matrix Solver .  
 The memory required may greatly exceed the predicted amount.  In that   
 event, use the DSPOPTION command to change the memory mode and/or       
 memory size used by the Distributed Sparse Matrix Solver.               
