
 Ansys Mechanical Enterprise Academic Research     


 *------------------------------------------------------------------*
 |                                                                  |
 |   W E L C O M E   T O   T H E   A N S Y S (R)  P R O G R A M     |
 |                                                                  |
 *------------------------------------------------------------------*




 ***************************************************************
 *         ANSYS MAPDL 2025 R1          LEGAL NOTICES          *
 ***************************************************************
 *                                                             *
 * Copyright 1971-2025 Ansys, Inc.  All rights reserved.       *
 * Unauthorized use, distribution or duplication is            *
 * prohibited.                                                 *
 *                                                             *
 * Ansys is a registered trademark of Ansys, Inc. or its       *
 * subsidiaries in the United States or other countries.       *
 * See the Ansys, Inc. online documentation or the Ansys, Inc. *
 * documentation CD or online help for the complete Legal      *
 * Notice.                                                     *
 *                                                             *
 ***************************************************************
 *                                                             *
 * THIS ANSYS SOFTWARE PRODUCT AND PROGRAM DOCUMENTATION       *
 * INCLUDE TRADE SECRETS AND CONFIDENTIAL AND PROPRIETARY      *
 * PRODUCTS OF ANSYS, INC., ITS SUBSIDIARIES, OR LICENSORS.    *
 * The software products and documentation are furnished by    *
 * Ansys, Inc. or its subsidiaries under a software license    *
 * agreement that contains provisions concerning               *
 * non-disclosure, copying, length and nature of use,          *
 * compliance with exporting laws, warranties, disclaimers,    *
 * limitations of liability, and remedies, and other           *
 * provisions.  The software products and documentation may be *
 * used, disclosed, transferred, or copied only in accordance  *
 * with the terms and conditions of that software license      *
 * agreement.                                                  *
 *                                                             *
 * Ansys, Inc. is a UL registered                              *
 * ISO 9001:2015 company.                                      *
 *                                                             *
 ***************************************************************
 *                                                             *
 * This product is subject to U.S. laws governing export and   *
 * re-export.                                                  *
 *                                                             *
 * For U.S. Government users, except as specifically granted   *
 * by the Ansys, Inc. software license agreement, the use,     *
 * duplication, or disclosure by the United States Government  *
 * is subject to restrictions stated in the Ansys, Inc.        *
 * software license agreement and FAR 12.212 (for non-DOD      *
 * licenses).                                                  *
 *                                                             *
 ***************************************************************

 2025 R1 
     
 Point Releases and Patches installed:   
     
 Ansys, Inc. License Manager 2025 R1 
 Viewer 2025 R1  
 Discovery (reduced install) 2025 R1 
 Core WB Files 2025 R1   
 Remote Solve Manager Standalone Services 2025 R1
 Additive 2025 R1
 Aqwa 2025 R1
 Autodyn 2025 R1 
 Customization Files for User Programmable Features 2025 R1  
 LS-DYNA 2025 R1 
 Material Calibration App 2025 R1
 Mechanical Products 2025 R1 
 Motion 2025 R1  
 Sherlock 2025 R1
 Sound - SAS 2025 R1 
 ACIS Geometry Interface 2025 R1 
 AutoCAD Geometry Interface 2025 R1  
 Catia, Version 4 Geometry Interface 2025 R1 
 Catia, Version 5 Geometry Interface 2025 R1 
 Catia, Version 6 Geometry Interface 2025 R1 
 Creo Elements/Direct Modeling Geometry Interface 2025 R1
 Creo Parametric Geometry Interface 2025 R1  
 Inventor Geometry Interface 2025 R1 
 JTOpen Geometry Interface 2025 R1   
 NX Geometry Interface 2025 R1   
 Parasolid Geometry Interface  2025 R1   
 Solid Edge Geometry Interface 2025 R1   
 SOLIDWORKS Geometry Interface 2025 R1   


          *****  MAPDL COMMAND LINE ARGUMENTS  *****
  BATCH MODE REQUESTED (-b)    = NOLIST
  INPUT FILE COPY MODE (-c)    = COPY
  DISTRIBUTED MEMORY PARALLEL REQUESTED
       8 PARALLEL PROCESSES REQUESTED WITH SINGLE THREAD PER PROCESS
    TOTAL OF     8 CORES REQUESTED
  INPUT FILE NAME              = C:\Users\aiden\OneDrive\Documents\Summer Project\Upright\Upright_FEA__Mech_Files\_ProjectScratch\Scr8EF9\dummy.dat
  OUTPUT FILE NAME             = C:\Users\aiden\OneDrive\Documents\Summer Project\Upright\Upright_FEA__Mech_Files\_ProjectScratch\Scr8EF9\solve.out
  START-UP FILE MODE           = NOREAD
  STOP FILE MODE               = NOREAD

 RELEASE= 2025 R1              BUILD= 25.1      UP20241202   VERSION=WINDOWS x64 
 CURRENT JOBNAME=file0  00:01:45  JUL 13, 2026 CP=      0.219


 PARAMETER _DS_PROGRESS =     999.0000000    

 /INPUT FILE= ds.dat  LINE=       0



 *** NOTE ***                            CP =       0.469   TIME= 00:01:45
 The /CONFIG,NOELDB command is not valid in a distributed memory         
 parallel solution.  Command is ignored.                                 

 *GET  _WALLSTRT  FROM  ACTI  ITEM=TIME WALL  VALUE= 0.291666667E-01

 TITLE= 
 Upright_FEA--Static Structural (A5)                                           

  ACT Extensions:
      LSDYNA, 2025.1
      5f463412-bd3e-484b-87e7-cbc0a665e474, wbex
 /COM,     ANSYSMotion, 2025.1
      20180725-3f81-49eb-9f31-41364844c769, wbex
  

 SET PARAMETER DIMENSIONS ON  _WB_PROJECTSCRATCH_DIR
  TYPE=STRI  DIMENSIONS=      248        1        1

 PARAMETER _WB_PROJECTSCRATCH_DIR(1) = C:\Users\aiden\OneDrive\Documents\Summer Project\Upright\Upright_FEA__Mech_Files\_ProjectScratch\Scr8EF9\

 SET PARAMETER DIMENSIONS ON  _WB_SOLVERFILES_DIR
  TYPE=STRI  DIMENSIONS=      248        1        1

 PARAMETER _WB_SOLVERFILES_DIR(1) = C:\Users\aiden\OneDrive\Documents\Summer Project\Upright\Upright_FEA__Mech_Files\Upright_FEA_files\dp0\SYS\MECH\

 SET PARAMETER DIMENSIONS ON  _WB_USERFILES_DIR
  TYPE=STRI  DIMENSIONS=      248        1        1

 PARAMETER _WB_USERFILES_DIR(1) = C:\Users\aiden\OneDrive\Documents\Summer Project\Upright\Upright_FEA__Mech_Files\Upright_FEA_files\user_files\
 --- Data in consistent BIN units. See Solving Units in the help system for more

 U.S. CUSTOMARY INCH UNITS SPECIFIED FOR INTERNAL    
  LENGTH      = INCHES (IN)
  MASS        = LBF-S**2/IN 
  TIME        = SECONDS (SEC)  
  TEMPERATURE = FAHRENHEIT
  TOFFSET     = 460.0
  FORCE       = LBF
  HEAT        = IN-LBF
  PRESSURE    = PSI (LBF/IN**2)
  ENERGY      = IN-LBF
  POWER       = IN-LBF/SEC

 INPUT  UNITS ARE ALSO SET TO BIN 

 *** MAPDL - ENGINEERING ANALYSIS SYSTEM  RELEASE 2025 R1          25.1     ***
 Ansys Mechanical Enterprise Academic Research     
 00252420  VERSION=WINDOWS x64   00:01:45  JUL 13, 2026 CP=      0.531

 Upright_FEA--Static Structural (A5)                                           



          ***** MAPDL ANALYSIS DEFINITION (PREP7) *****
 *********** Nodes for the whole assembly ***********
 *********** Nodes for all Remote Points ***********
 *********** Elements for Body 1 'Upright|Fillet11' ***********
 *********** Elements for Body 2 'Upright|Fillet79' ***********
 *********** Send User Defined Coordinate System(s) ***********
 *********** Set Reference Temperature ***********
 *********** Send Materials ***********
 *********** Create Remote Point "Internal Remote Point 2" ***********
 *********** Create Remote Point "Internal Remote Point 3" ***********
 *********** Create Remote Point "Internal Remote Point 4" ***********
 *********** Create Remote Point "Internal Remote Point 5" ***********
 *********** Create Remote Point "Internal Remote Point 6" ***********
 *********** Create Remote Point "Internal Remote Point 7" ***********
 *********** Create Remote Point "Internal Remote Point" ***********
 *********** Create Joint "Fixed - Upright|Fillet11 To Upright|Fillet79" *******
             Real Constant Set For Above Joint Is 17
 *********** Construct Remote Force ***********
 *********** Construct Remote Force ***********
 *********** Construct Remote Displacement ***********
 *********** Construct Remote Displacement ***********
 *********** Construct Remote Displacement ***********
 *** Create a component for all remote displacements ***


 ***** ROUTINE COMPLETED *****  CP =         6.281


 --- Number of total nodes = 220288
 --- Number of contact elements = 8114
 --- Number of spring elements = 0
 --- Number of bearing elements = 0
 --- Number of solid elements = 122889
 --- Number of condensed parts = 0
 --- Number of total elements = 131011

 *GET  _WALLBSOL  FROM  ACTI  ITEM=TIME WALL  VALUE= 0.297222222E-01
 ****************************************************************************
 *************************    SOLUTION       ********************************
 ****************************************************************************

 *****  MAPDL SOLUTION ROUTINE  *****


 PERFORM A STATIC ANALYSIS
  THIS WILL BE A NEW ANALYSIS

 PARAMETER _THICKRATIO =     1.000000000    

 USE PRECONDITIONED CONJUGATE GRADIENT SOLVER
  CONVERGENCE TOLERANCE = 1.00000E-08
  MAXIMUM ITERATION     = NumNode*DofPerNode*  1.0000    

 CONTACT INFORMATION PRINTOUT LEVEL       1

 CHECK INITIAL OPEN/CLOSED STATUS OF SELECTED CONTACT ELEMENTS
      AND LIST DETAILED CONTACT PAIR INFORMATION

 SPLIT CONTACT SURFACES AT SOLVE PHASE

    NUMBER OF SPLITTING TBD BY PROGRAM

 DO NOT COMBINE ELEMENT MATRIX FILES (.emat) AFTER DISTRIBUTED PARALLEL SOLUTION

 DO NOT COMBINE ELEMENT SAVE DATA FILES (.esav) AFTER DISTRIBUTED PARALLEL SOLUTION

 NLDIAG: Nonlinear diagnostics CONT option is set to ON. 
         Writing frequency : each ITERATION.

 DO NOT SAVE ANY RESTART FILES AT ALL
 ****************************************************
 ******************* SOLVE FOR LS 1 OF 1 ****************

 SELECT       FOR ITEM=NODE COMPONENT=    
  IN RANGE    220282 TO     220282 STEP          1

          1  NODES (OF     220288  DEFINED) SELECTED BY  NSEL  COMMAND.

 SPECIFIED NODAL LOAD FX   FOR SELECTED NODES         1 TO   220288 BY        1
  REAL= -320.000000       IMAG=  0.00000000    

 SPECIFIED NODAL LOAD FY   FOR SELECTED NODES         1 TO   220288 BY        1
  REAL= -320.000000       IMAG=  0.00000000    

 SPECIFIED NODAL LOAD FZ   FOR SELECTED NODES         1 TO   220288 BY        1
  REAL=  450.000000       IMAG=  0.00000000    

 SELECT       FOR ITEM=NODE COMPONENT=    
  IN RANGE    220285 TO     220285 STEP          1

          1  NODES (OF     220288  DEFINED) SELECTED BY  NSEL  COMMAND.

 SPECIFIED NODAL LOAD FX   FOR SELECTED NODES         1 TO   220288 BY        1
  REAL= -200.000000       IMAG=  0.00000000    

 SPECIFIED NODAL LOAD FY   FOR SELECTED NODES         1 TO   220288 BY        1
  REAL=  0.00000000       IMAG=  0.00000000    

 SPECIFIED NODAL LOAD FZ   FOR SELECTED NODES         1 TO   220288 BY        1
  REAL=  723.000000       IMAG=  0.00000000    

 ALL SELECT   FOR ITEM=NODE COMPONENT=    
  IN RANGE         1 TO     220288 STEP          1

     220288  NODES (OF     220288  DEFINED) SELECTED BY NSEL  COMMAND.

 SPECIFIED CONSTRAINT UX   FOR SELECTED NODES       220286 TO      220286 BY           1
 REAL=  0.00000000       IMAG=  0.00000000    

 SPECIFIED CONSTRAINT UY   FOR SELECTED NODES       220286 TO      220286 BY           1
 REAL=  0.00000000       IMAG=  0.00000000    

 SPECIFIED CONSTRAINT UX   FOR SELECTED NODES       220287 TO      220287 BY           1
 REAL=  0.00000000       IMAG=  0.00000000    

 SPECIFIED CONSTRAINT UY   FOR SELECTED NODES       220287 TO      220287 BY           1
 REAL=  0.00000000       IMAG=  0.00000000    

 SPECIFIED CONSTRAINT UZ   FOR SELECTED NODES       220287 TO      220287 BY           1
 REAL=  0.00000000       IMAG=  0.00000000    

 SPECIFIED CONSTRAINT UY   FOR SELECTED NODES       220288 TO      220288 BY           1
 REAL=  0.00000000       IMAG=  0.00000000    

 PRINTOUT RESUMED BY /GOP

 USE       1 SUBSTEPS INITIALLY THIS LOAD STEP FOR ALL  DEGREES OF FREEDOM
 FOR AUTOMATIC TIME STEPPING:
   USE      1 SUBSTEPS AS A MAXIMUM
   USE      1 SUBSTEPS AS A MINIMUM

 TIME=  1.0000    

 ERASE THE CURRENT DATABASE OUTPUT CONTROL TABLE.


 WRITE ALL  ITEMS TO THE DATABASE WITH A FREQUENCY OF NONE
   FOR ALL APPLICABLE ENTITIES

 WRITE NSOL ITEMS TO THE DATABASE WITH A FREQUENCY OF ALL 
   FOR ALL APPLICABLE ENTITIES

 WRITE RSOL ITEMS TO THE DATABASE WITH A FREQUENCY OF ALL 
   FOR ALL APPLICABLE ENTITIES

 WRITE EANG ITEMS TO THE DATABASE WITH A FREQUENCY OF ALL 
   FOR ALL APPLICABLE ENTITIES

 WRITE ETMP ITEMS TO THE DATABASE WITH A FREQUENCY OF ALL 
   FOR ALL APPLICABLE ENTITIES

 WRITE VENG ITEMS TO THE DATABASE WITH A FREQUENCY OF ALL 
   FOR ALL APPLICABLE ENTITIES

 WRITE STRS ITEMS TO THE DATABASE WITH A FREQUENCY OF ALL 
   FOR ALL APPLICABLE ENTITIES

 WRITE EPEL ITEMS TO THE DATABASE WITH A FREQUENCY OF ALL 
   FOR ALL APPLICABLE ENTITIES

 WRITE EPPL ITEMS TO THE DATABASE WITH A FREQUENCY OF ALL 
   FOR ALL APPLICABLE ENTITIES

 WRITE CONT ITEMS TO THE DATABASE WITH A FREQUENCY OF ALL 
   FOR ALL APPLICABLE ENTITIES

 PRINTOUT RESUMED BY /GOP

 WRITE MISC ITEMS TO THE DATABASE WITH A FREQUENCY OF ALL 
   FOR THE ENTITIES DEFINED BY COMPONENT _ELMISC 

 *GET  ANSINTER_  FROM  ACTI  ITEM=INT        VALUE=  0.00000000    

 *IF  ANSINTER_  ( =   0.00000     )  NE  
      0  ( =   0.00000     )  THEN    

 *ENDIF

 *** NOTE ***                            CP =       7.188   TIME= 00:01:47
 The automatic domain decomposition logic has selected the MESH domain   
 decomposition method with 8 processes per solution.                     

 *****  MAPDL SOLVE    COMMAND  *****

 *** WARNING ***                         CP =       9.500   TIME= 00:01:47
 Element shape checking is currently inactive.  Issue SHPP,ON or         
 SHPP,WARN to reactivate, if desired.                                    

 *** WARNING ***                         CP =      10.922   TIME= 00:01:48
 MPC184 elements are being used in the current analysis and the          
 NLGEOM,ON command has not been used.  Thus, only linearized behavior    
 will be considered.  If finite rotation and large deflection effects    
 are to be considered, please use the NLGEOM,ON command.                 

 *** NOTE ***                            CP =      12.609   TIME= 00:01:48
 The model data was checked and warning messages were found.             
  Please review output or errors file (                                  
 C:\Users\aiden\OneDrive\Documents\Summer                                
 Project\Upright\Upright_FEA__Mech_Files\_ProjectScratch\Scr8EF9\file0.e 
 err ) for these warning messages.                                       

 *** SELECTION OF ELEMENT TECHNOLOGIES FOR APPLICABLE ELEMENTS ***
      --- GIVE SUGGESTIONS AND RESET THE KEY OPTIONS ---

 ELEMENT TYPE         1 IS SOLID187. IT IS NOT ASSOCIATED WITH FULLY INCOMPRESSIBLE
 HYPERELASTIC MATERIALS. NO SUGGESTION IS AVAILABLE AND NO RESETTING IS NEEDED.

 ELEMENT TYPE         2 IS SOLID187. IT IS NOT ASSOCIATED WITH FULLY INCOMPRESSIBLE
 HYPERELASTIC MATERIALS. NO SUGGESTION IS AVAILABLE AND NO RESETTING IS NEEDED.



 *** MAPDL - ENGINEERING ANALYSIS SYSTEM  RELEASE 2025 R1          25.1     ***
 Ansys Mechanical Enterprise Academic Research     
 00252420  VERSION=WINDOWS x64   00:01:48  JUL 13, 2026 CP=     12.828

 Upright_FEA--Static Structural (A5)                                           



                       S O L U T I O N   O P T I O N S

   PROBLEM DIMENSIONALITY. . . . . . . . . . . . .3-D                  
   DEGREES OF FREEDOM. . . . . . UX   UY   UZ   ROTX ROTY ROTZ
   ANALYSIS TYPE . . . . . . . . . . . . . . . . .STATIC (STEADY-STATE)
   OFFSET TEMPERATURE FROM ABSOLUTE ZERO . . . . .  459.67    
   EQUATION SOLVER OPTION. . . . . . . . . . . . .PCG                
      TOLERANCE. . . . . . . . . . . . . . . . . . 1.00000E-08
   GLOBALLY ASSEMBLED MATRIX . . . . . . . . . . .SYMMETRIC  

 *** WARNING ***                         CP =      13.672   TIME= 00:01:48
 Material number 17 (used by element 177200) should normally have at     
 least one MP or one TB type command associated with it.  Output of      
 energy by material may not be available.                                

 *** NOTE ***                            CP =      14.281   TIME= 00:01:48
 The step data was checked and warning messages were found.              
  Please review output or errors file (                                  
 C:\Users\aiden\OneDrive\Documents\Summer                                
 Project\Upright\Upright_FEA__Mech_Files\_ProjectScratch\Scr8EF9\file0.e 
 err ) for these warning messages.                                       

 TRIM CONTACT/TARGET SURFACE

 *** NOTE ***                            CP =      15.703   TIME= 00:01:48
 Internal nodes from 220289 to 220298 are created.                       
 7 internal nodes are used for handling degrees of freedom on pilot      
 nodes of rigid target surfaces.                                         
 3 internal nodes are used for non-contact elements with mixed           
 formulation.                                                            

 *** NOTE ***                            CP =      18.047   TIME= 00:01:48
 Internal nodes from 220289 to 220298 are created.                       
 7 internal nodes are used for handling degrees of freedom on pilot      
 nodes of rigid target surfaces.                                         
 3 internal nodes are used for non-contact elements with mixed           
 formulation.                                                            
 START TRIMMING SMALL/BONDED CONTACT PAIRS FOR DMP RUN.                  

 CHECK INITIAL OPEN/CLOSED STATUS OF SELECTED CONTACT ELEMENTS
      AND LIST DETAILED CONTACT PAIR INFORMATION

 *** NOTE ***                            CP =      24.156   TIME= 00:01:49
 Internal nodes from 220289 to 220298 are created.                       
 7 internal nodes are used for handling degrees of freedom on pilot      
 nodes of rigid target surfaces.                                         
 3 internal nodes are used for non-contact elements with mixed           
 formulation.                                                            

 *** NOTE ***                            CP =      26.516   TIME= 00:01:50
 Internal nodes from 220289 to 220298 are created.                       
 7 internal nodes are used for handling degrees of freedom on pilot      
 nodes of rigid target surfaces.                                         
 3 internal nodes are used for non-contact elements with mixed           
 formulation.                                                            

 *** NOTE ***                            CP =      32.219   TIME= 00:01:51
 The maximum number of contact elements in any single contact pair is 0, 
 which is smaller than the optimal domain size of 4093 elements for the  
 given number of CPU domains (8).  Therefore, no contact pairs are       
 being split by the CNCH,DMP logic.                                      

 *** NOTE ***                            CP =      33.672   TIME= 00:01:51
 Internal nodes from 220289 to 220298 are created.                       
 7 internal nodes are used for handling degrees of freedom on pilot      
 nodes of rigid target surfaces.                                         
 3 internal nodes are used for non-contact elements with mixed           
 formulation.                                                            

 *** NOTE ***                            CP =      36.438   TIME= 00:01:51
 Internal nodes from 220289 to 220298 are created.                       
 7 internal nodes are used for handling degrees of freedom on pilot      
 nodes of rigid target surfaces.                                         
 3 internal nodes are used for non-contact elements with mixed           
 formulation.                                                            

 *** NOTE ***                            CP =      40.781   TIME= 00:01:52
 Force-distributed-surface identified by real constant set 3 and         
 contact element type 3 has been set up.  The pilot node 220283 is used  
 to apply the force which connects to other element 177200.  Internal    
 MPC will be built.                                                      
 The used degrees of freedom set is  UX   UY   UZ   ROTX ROTY ROTZ
 ****************************************
  

 *** NOTE ***                            CP =      40.781   TIME= 00:01:52
 Force-distributed-surface identified by real constant set 5 and         
 contact element type 5 has been set up.  The pilot node 220284 is used  
 to apply the force which connects to other element 177200.  Internal    
 MPC will be built.                                                      
 The used degrees of freedom set is  UX   UY   UZ   ROTX ROTY ROTZ
 ****************************************
  

 *** NOTE ***                            CP =      40.781   TIME= 00:01:52
 Force-distributed-surface identified by real constant set 7 and         
 contact element type 7 has been set up.  The pilot node 220285 is used  
 to apply the force.  Internal MPC will be built.                        
 The used degrees of freedom set is  UX   UY   UZ   ROTX ROTY ROTZ
 Please verify constraints (including rotational degrees of freedom)
  on the pilot node by yourself.
 ****************************************
  

 *** NOTE ***                            CP =      40.781   TIME= 00:01:52
 Force-distributed-surface identified by real constant set 9 and         
 contact element type 9 has been set up.  The pilot node 220286 is used  
 to apply the force.  Internal MPC will be built.                        
 The used degrees of freedom set is  UX   UY   UZ   ROTX ROTY ROTZ
 Please verify constraints (including rotational degrees of freedom)
  on the pilot node by yourself.
 ****************************************
  

 *** NOTE ***                            CP =      40.781   TIME= 00:01:52
 Force-distributed-surface identified by real constant set 11 and        
 contact element type 11 has been set up.  The pilot node 220287 is      
 used to apply the force.  Internal MPC will be built.                   
 The used degrees of freedom set is  UX   UY   UZ   ROTX ROTY ROTZ
 Please verify constraints (including rotational degrees of freedom)
  on the pilot node by yourself.
 ****************************************
  

 *** NOTE ***                            CP =      40.781   TIME= 00:01:52
 Force-distributed-surface identified by real constant set 13 and        
 contact element type 13 has been set up.  The pilot node 220288 is      
 used to apply the force.  Internal MPC will be built.                   
 The used degrees of freedom set is  UX   UY   UZ   ROTX ROTY ROTZ
 Please verify constraints (including rotational degrees of freedom)
  on the pilot node by yourself.
 ****************************************
  

 *** NOTE ***                            CP =      40.781   TIME= 00:01:52
 Force-distributed-surface identified by real constant set 15 and        
 contact element type 15 has been set up.  The pilot node 220282 is      
 used to apply the force.  Internal MPC will be built.                   
 The used degrees of freedom set is  UX   UY   UZ   ROTX ROTY ROTZ
 Please verify constraints (including rotational degrees of freedom)
  on the pilot node by yourself.
 ****************************************
  
  
  

 *** NOTE ***                            CP =      42.016   TIME= 00:01:52
 Internal nodes from 220289 to 220298 are created.                       
 7 internal nodes are used for handling degrees of freedom on pilot      
 nodes of rigid target surfaces.                                         
 3 internal nodes are used for non-contact elements with mixed           
 formulation.                                                            

  
  
     D I S T R I B U T E D   D O M A I N   D E C O M P O S E R
  
  ...Number of elements: 131011
  ...Number of nodes:    220298
  ...Decompose to 8 CPU domains
  ...Element load balance ratio =     1.027


                      L O A D   S T E P   O P T I O N S

   LOAD STEP NUMBER. . . . . . . . . . . . . . . .     1
   TIME AT END OF THE LOAD STEP. . . . . . . . . .  1.0000    
   NUMBER OF SUBSTEPS. . . . . . . . . . . . . . .     1
   STEP CHANGE BOUNDARY CONDITIONS . . . . . . . .    NO
   PRINT OUTPUT CONTROLS . . . . . . . . . . . . .NO PRINTOUT
   DATABASE OUTPUT CONTROLS
      ITEM     FREQUENCY   COMPONENT
       ALL       NONE               
      NSOL        ALL               
      RSOL        ALL               
      EANG        ALL               
      ETMP        ALL               
      VENG        ALL               
      STRS        ALL               
      EPEL        ALL               
      EPPL        ALL               
      CONT        ALL               
      MISC        ALL       _ELMISC 


 SOLUTION MONITORING INFO IS WRITTEN TO FILE= file.mntr                                                                                                                                                                                                                                                           

 *** NOTE ***                            CP =      51.438   TIME= 00:01:54
 Force-distributed-surface identified by real constant set 13 and        
 contact element type 13 has been set up.  The pilot node 220288 is      
 used to apply the force.  Internal MPC will be built.                   
 The used degrees of freedom set is  UX   UY   UZ   ROTX ROTY ROTZ
 Please verify constraints (including rotational degrees of freedom)
  on the pilot node by yourself.
 ****************************************
  


 *** WARNING ***                         CP =      52.938   TIME= 00:01:56
 Too many nodes 13981 are included in the force-distributed-surface      
 constraint identified by real constant set 15.  This may greatly        
 affect solver performance due to large wave fronts and memory           
 consumption.  Also check results carefully and consider solving with a  
 different unit system.                                                  

 *** WARNING ***                         CP =      53.047   TIME= 00:01:56
 This model has one or more constraint equations that has 39911 terms.   
 This will lead to significantly higher memory requirements and          
 solution times.  At this point the solution will be terminated.  If     
 you wish to bypass this message to allow the solution to continue with  
 increased solution time and memory requirements, use the CEFILTER,OFF   
 command.                                                                
  
 The FEA model contains 0 external CE equations and 42 internal CE       
 equations.                                                              


                         ***********  PRECISE MASS SUMMARY  ***********

   TOTAL RIGID BODY MASS MATRIX ABOUT ORIGIN
               Translational mass               |   Coupled translational/rotational mass
        0.12446E-02    0.0000        0.0000     |     0.0000       0.95428E-02  -0.27723E-01
         0.0000       0.12446E-02    0.0000     |   -0.95428E-02    0.0000      -0.30667E-03
         0.0000        0.0000       0.12446E-02 |    0.27723E-01   0.30667E-03    0.0000    
     ------------------------------------------ | ------------------------------------------
                                                |         Rotational mass (inertia)
                                                |    0.69539       0.68687E-02   0.29486E-02
                                                |    0.68687E-02   0.79300E-01  -0.21247    
                                                |    0.29486E-02  -0.21247       0.61922    

   TOTAL MASS = 0.12446E-02
     The mass principal axes coincide with the global Cartesian axes

   CENTER OF MASS (X,Y,Z)=  -0.24640        22.275        7.6674    

   TOTAL INERTIA ABOUT CENTER OF MASS
        0.46993E-02   0.37842E-04   0.59733E-03
        0.37842E-04   0.60565E-02   0.89334E-04
        0.59733E-03   0.89334E-04   0.16206E-02

   PRINCIPAL INERTIAS =   0.48088E-02   0.60602E-02   0.15074E-02
   ORIENTATION VECTORS OF THE INERTIA PRINCIPAL AXES IN GLOBAL CARTESIAN
     ( 0.982,-0.043, 0.183) ( 0.039, 0.999, 0.025) (-0.184,-0.018, 0.983) 


  *** MASS SUMMARY BY ELEMENT TYPE ***

  TYPE      MASS
     1  0.862127E-04
     2  0.115839E-02

 Range of element maximum matrix coefficients in global coordinates
 Maximum = 11401179.7 at element 117101.                                 
 Minimum = 50576.0547 at element 66467.                                  

   *** ELEMENT MATRIX FORMULATION TIMES
     TYPE    NUMBER   ENAME      TOTAL CP  AVE CP

        1      6286  SOLID187      0.438   0.000070
        2    116603  SOLID187      8.141   0.000070
        3       336  CONTA174      0.016   0.000047
        4         1  TARGE170      0.000   0.000000
        5       458  CONTA174      0.047   0.000102
        6         1  TARGE170      0.000   0.000000
        7       403  CONTA174      0.000   0.000000
        8         1  TARGE170      0.000   0.000000
        9        96  CONTA174      0.000   0.000000
       10         1  TARGE170      0.000   0.000000
       11       119  CONTA174      0.000   0.000000
       12         1  TARGE170      0.000   0.000000
       13        72  CONTA174      0.000   0.000000
       14         1  TARGE170      0.000   0.000000
       15      6630  CONTA174      0.062   0.000009
       16         1  TARGE170      0.000   0.000000
       17         1  MPC184        0.000   0.000000
 Time at end of element matrix formulation CP = 55.234375.               

 DISTRIBUTED SPARSE MATRIX DIRECT SOLVER.
  Number of equations =      660843,    Maximum wavefront =   1410

 *** NOTE ***                            CP =      69.000   TIME= 00:02:13
 The initial memory allocation (-m) has been exceeded.                   
  Supplemental memory allocations are being used.                        


  Memory allocated on only this MPI rank (rank     0)
  -------------------------------------------------------------------
  Equation solver memory allocated                     =   574.696 MB
  Equation solver memory required for in-core mode     =   404.532 MB
  Equation solver memory required for out-of-core mode =   172.271 MB
  Total (solver and non-solver) memory allocated       =  2104.692 MB


  Total memory summed across all MPI ranks on this machines
  -------------------------------------------------------------------
  Equation solver memory allocated                     =  4825.214 MB
  Equation solver memory required for in-core mode     =  3371.125 MB
  Equation solver memory required for out-of-core mode =  1417.082 MB
  Total (solver and non-solver) memory allocated       =  9884.702 MB

 *** NOTE ***                            CP =      70.219   TIME= 00:02:14
 The Distributed Sparse Matrix Solver is currently running in the        
 in-core memory mode.  This memory mode uses the most amount of memory   
 in order to avoid using the hard drive as much as possible, which most  
 often results in the fastest solution time.  This mode is recommended   
 if enough physical memory is present to accommodate all of the solver   
 data.                                                                   

 *** WARNING ***                         CP =      70.219   TIME= 00:02:14
 Pivoting has been activated for the Distributed Sparse Matrix Solver .  
 The memory required may greatly exceed the predicted amount.  In that   
 event, use the DSPOPTION command to change the memory mode and/or       
 memory size used by the Distributed Sparse Matrix Solver.               
 Distributed sparse solver maximum pivot= 9332146.93 at node 183108 UZ.  
 Distributed sparse solver minimum pivot= 11234.0319 at node 20787 UY.   
 Distributed sparse solver minimum pivot in absolute value= 11234.0319   
 at node 20787 UY.                                                       

   *** ELEMENT RESULT CALCULATION TIMES
     TYPE    NUMBER   ENAME      TOTAL CP  AVE CP

        1      6286  SOLID187      0.438   0.000070
        2    116603  SOLID187      6.469   0.000055
        3       336  CONTA174      0.000   0.000000
        5       458  CONTA174      0.000   0.000000
        7       403  CONTA174      0.000   0.000000
        9        96  CONTA174      0.000   0.000000
       11       119  CONTA174      0.000   0.000000
       13        72  CONTA174      0.000   0.000000
       15      6630  CONTA174      0.031   0.000005
       17         1  MPC184        0.000   0.000000

   *** NODAL LOAD CALCULATION TIMES
     TYPE    NUMBER   ENAME      TOTAL CP  AVE CP

        1      6286  SOLID187      0.047   0.000007
        2    116603  SOLID187      1.750   0.000015
        3       336  CONTA174      0.000   0.000000
        5       458  CONTA174      0.000   0.000000
        7       403  CONTA174      0.000   0.000000
        9        96  CONTA174      0.000   0.000000
       11       119  CONTA174      0.000   0.000000
       13        72  CONTA174      0.000   0.000000
       15      6630  CONTA174      0.000   0.000000
       17         1  MPC184        0.000   0.000000
 *** LOAD STEP     1   SUBSTEP     1  COMPLETED.    CUM ITER =      1
 *** TIME =   1.00000         TIME INC =   1.00000      NEW TRIANG MATRIX


 *** MAPDL BINARY FILE STATISTICS
  BUFFER SIZE USED= 16384
        1.875 MB WRITTEN ON ELEMENT MATRIX FILE: file0.emat
       10.438 MB WRITTEN ON ELEMENT SAVED DATA FILE: file0.esav
       49.625 MB WRITTEN ON ASSEMBLED MATRIX FILE: file0.full
       12.750 MB WRITTEN ON RESULTS FILE: file0.rst
 *************** Write FE CONNECTORS *********

 WRITE OUT CONSTRAINT EQUATIONS TO FILE= file.ce                                                                                                                                                                                                                                                             
 ****************************************************
 *************** FINISHED SOLVE FOR LS 1 *************

 *GET  _WALLASOL  FROM  ACTI  ITEM=TIME WALL  VALUE= 0.394444444E-01

 PRINTOUT RESUMED BY /GOP

 *GET  _PCGITER  FROM  ACTI  ITEM=SOLU CGIT  VALUE= -1.00000000    

 FINISH SOLUTION PROCESSING


 ***** ROUTINE COMPLETED *****  CP =        84.797



 *** MAPDL - ENGINEERING ANALYSIS SYSTEM  RELEASE 2025 R1          25.1     ***
 Ansys Mechanical Enterprise Academic Research     
 00252420  VERSION=WINDOWS x64   00:02:27  JUL 13, 2026 CP=     84.812

 Upright_FEA--Static Structural (A5)                                           



          ***** MAPDL RESULTS INTERPRETATION (POST1) *****

 *** NOTE ***                            CP =      84.812   TIME= 00:02:27
 Reading results into the database (SET command) will update the current 
 displacement and force boundary conditions in the database with the     
 values from the results file for that load set.  Note that any          
 subsequent solutions will use these values unless action is taken to    
 either SAVE the current values or not overwrite them (/EXIT,NOSAVE).    

 Set Encoding of XML File to:ISO-8859-1

 Set Output of XML File to:
     PARM,     ,     ,     ,     ,     ,     ,     ,     ,     ,     ,     ,
         ,     ,     ,     ,     ,     ,     ,

 DATABASE WRITTEN ON FILE  parm.xml                                                                                                                                                                                                                                                            

 EXIT THE MAPDL POST1 DATABASE PROCESSOR


 ***** ROUTINE COMPLETED *****  CP =        84.812



 PRINTOUT RESUMED BY /GOP

 *GET  _WALLDONE  FROM  ACTI  ITEM=TIME WALL  VALUE= 0.408333333E-01

 PARAMETER _PREPTIME =     2.000000000    

 PARAMETER _SOLVTIME =     35.00000000    

 PARAMETER _POSTTIME =     5.000000000    

 PARAMETER _TOTALTIM =     42.00000000    

 *GET  _DLBRATIO  FROM  ACTI  ITEM=SOLU DLBR  VALUE=  1.02729771    

 *GET  _COMBTIME  FROM  ACTI  ITEM=SOLU COMB  VALUE= 0.581158500    

 *GET  _SSMODE   FROM  ACTI  ITEM=SOLU SSMM  VALUE=  2.00000000    

 *GET  _NDOFS    FROM  ACTI  ITEM=SOLU NDOF  VALUE=  660843.000    

 *GET  _SOL_END_TIME  FROM  ACTI  ITEM=SET  TIME  VALUE=  1.00000000    

 *IF  _sol_end_time  ( =   1.00000     )  EQ  
      1.000000  ( =   1.00000     )  THEN    

 /FCLEAN COMMAND REMOVING ALL LOCAL FILES

 *ENDIF
 --- Total number of nodes = 220288
 --- Total number of elements = 131011
 --- Element load balance ratio = 1.02729771
 --- Time to combine distributed files = 0.5811585
 --- Sparse memory mode = 2
 --- Number of DOF = 660843

 EXIT MAPDL WITHOUT SAVING DATABASE


 NUMBER OF WARNING MESSAGES ENCOUNTERED=          6
 NUMBER OF ERROR   MESSAGES ENCOUNTERED=          0

+--------------------- M A P D L   S T A T I S T I C S ------------------------+

Release: 2025 R1            Build: 25.1       Update: UP20241202   Platform: WINDOWS x64 
Date Run: 07/13/2026   Time: 00:02     Process ID: 28956
Operating System: Windows 11  (Build: 26200)

Processor Model: AMD Ryzen AI 9 365 w/ Radeon 880M

Compiler: Intel(R) Fortran Compiler Classic Version 2021.9  (Build: 20230302)
          Intel(R) C/C++ Compiler Classic Version 2021.9  (Build: 20230302)
          AOCL-BLAS 4.2.1 Build 20240528

Number of machines requested            :    1
Total number of cores available         :   20
Number of physical cores available      :   10
Number of processes requested           :    8
Number of threads per process requested :    1
Total number of cores requested         :    8 (Distributed Memory Parallel)               
MPI Type: INTELMPI
MPI Version: Intel(R) MPI Library 2021.13 for Windows* OS


GPU Acceleration: Not Requested

Job Name: file0
Input File: dummy.dat

  Core                Machine Name   Working Directory
 -----------------------------------------------------
     0             LAPTOP-6RLSAN3C   C:\Users\aiden\OneDrive\Documents\Summer Project\Upright\Upright_FEA__Mech_Files\_ProjectScratch\Scr8EF9
     1             LAPTOP-6RLSAN3C   C:\Users\aiden\OneDrive\Documents\Summer Project\Upright\Upright_FEA__Mech_Files\_ProjectScratch\Scr8EF9
     2             LAPTOP-6RLSAN3C   C:\Users\aiden\OneDrive\Documents\Summer Project\Upright\Upright_FEA__Mech_Files\_ProjectScratch\Scr8EF9
     3             LAPTOP-6RLSAN3C   C:\Users\aiden\OneDrive\Documents\Summer Project\Upright\Upright_FEA__Mech_Files\_ProjectScratch\Scr8EF9
     4             LAPTOP-6RLSAN3C   C:\Users\aiden\OneDrive\Documents\Summer Project\Upright\Upright_FEA__Mech_Files\_ProjectScratch\Scr8EF9
     5             LAPTOP-6RLSAN3C   C:\Users\aiden\OneDrive\Documents\Summer Project\Upright\Upright_FEA__Mech_Files\_ProjectScratch\Scr8EF9
     6             LAPTOP-6RLSAN3C   C:\Users\aiden\OneDrive\Documents\Summer Project\Upright\Upright_FEA__Mech_Files\_ProjectScratch\Scr8EF9
     7             LAPTOP-6RLSAN3C   C:\Users\aiden\OneDrive\Documents\Summer Project\Upright\Upright_FEA__Mech_Files\_ProjectScratch\Scr8EF9
 
Latency time from master to core     1 =    4.756 microseconds
Latency time from master to core     2 =    4.792 microseconds
Latency time from master to core     3 =    5.114 microseconds
Latency time from master to core     4 =    6.623 microseconds
Latency time from master to core     5 =    5.817 microseconds
Latency time from master to core     6 =    5.445 microseconds
Latency time from master to core     7 =    5.449 microseconds
 
Communication speed from master to core     1 =  9586.58 MB/sec
Communication speed from master to core     2 =  7536.50 MB/sec
Communication speed from master to core     3 =  9866.19 MB/sec
Communication speed from master to core     4 =  3579.91 MB/sec
Communication speed from master to core     5 =  5941.29 MB/sec
Communication speed from master to core     6 =  5542.51 MB/sec
Communication speed from master to core     7 =  5924.21 MB/sec

Total CPU time for main thread                    :       40.6 seconds
Total CPU time summed for all threads             :       86.3 seconds

Elapsed time spent obtaining a license            :        1.1 seconds
Elapsed time spent pre-processing model (/PREP7)  :        1.3 seconds
Elapsed time spent solution - preprocessing       :        7.4 seconds
Elapsed time spent computing solution             :       26.4 seconds
Elapsed time spent solution - postprocessing      :        0.6 seconds
Elapsed time spent post-processing model (/POST1) :        0.0 seconds
 
Equation solver used                              :            Sparse (symmetric)
Equation solver computational rate                :       73.4 Gflops
Equation solver effective I/O rate                :       47.2 GB/sec

Sum of disk space used on all processes           :      686.3 MB

Sum of memory used on all processes               :     6194.0 MB
Sum of memory allocated on all processes          :     9252.0 MB
Physical memory available                         :         31 GB
Total amount of I/O written to disk               :        0.5 GB
Total amount of I/O read from disk                :        0.1 GB

+------------------ E N D   M A P D L   S T A T I S T I C S -------------------+


 *-----------------------------------------------------------------------------*
 |                                                                             |
 |                               RUN COMPLETED                                 |
 |                                                                             |
 |-----------------------------------------------------------------------------|
 |                                                                             |
 |  Ansys MAPDL 2025 R1         Build 25.1         UP20241202    WINDOWS x64   |
 |                                                                             |
 |-----------------------------------------------------------------------------|
 |                                                                             |
 |  Database Requested(-db)     1024 MB     Scratch Memory Requested   1024 MB |
 |  Max Database Used(Master)    193 MB     Max Scratch Used(Master)    794 MB |
 |  Max Database Used(Workers)     1 MB     Max Scratch Used(Workers)   844 MB |
 |  Sum Database Used(All)       200 MB     Sum Scratch Used(All)      5994 MB |
 |                                                                             |
 |-----------------------------------------------------------------------------|
 |                                                                             |
 |        CP Time      (sec) =         86.328       Time  =  00:02:28          |
 |        Elapsed Time (sec) =         45.000       Date  =  07/13/2026        |
 |                                                                             |
 *-----------------------------------------------------------------------------*
